2026-03-24 15:56:30.267477
The subject is is neutral.
The subject is is neutral.
The subject is is engaged.
The subject is is neutral.
The subject is is neutral.
The subject is is neutral.
The subject is in joy.
The subject is in joy.
The subject is is neutral.
The subject is in joy.
The subject is in joy.
The subject is is neutral.
The subject is is neutral.
The subject is in joy.
The subject is in joy.
The subject is is neutral.
The subject is is bored.
The subject is in joy.
2026-03-30 11:20:44.290863
2026-03-30 11:22:18.989116
2026-03-30 11:22:57.576180
2026-03-30 11:23:38.983203
2026-03-30 11:24:02.826910
2026-03-30 11:24:33.997636
2026-03-30 11:40:26.233377
2026-03-30 11:41:41.417965
2026-03-30 11:45:26.929695
2026-03-30 11:49:36.661715
